<?xml version="1.0" encoding="UTF-8"?>
<!-- Generated by org.testng.reporters.JUnitReportReporter -->
<testsuite hostname="DESKTOP-RB30UFV" failures="0" tests="1" name="com.vtiger.documentsTest.CreateDocumentTest" time="38.665" errors="0" timestamp="2022-05-24T15:57:43 IST" skipped="0">
  <testcase classname="com.vtiger.documentsTest.CreateDocumentTest" name="createDocumentTest" time="38.665"/>
  <system-out/>
</testsuite> <!-- com.vtiger.documentsTest.CreateDocumentTest -->
