<?xml version="1.0" encoding="UTF-8"?>
<!-- Generated by org.testng.reporters.JUnitReportReporter -->
<testsuite hostname="DESKTOP-RB30UFV" failures="0" tests="1" name="com.vtiger.campaignsTest.CreateCompaignTestNgTest" time="32.544" errors="0" timestamp="2022-05-17T15:40:00 IST" skipped="0">
  <testcase classname="com.vtiger.campaignsTest.CreateCompaignTestNgTest" name="createCampaignTest" time="32.544"/>
  <system-out/>
</testsuite> <!-- com.vtiger.campaignsTest.CreateCompaignTestNgTest -->
