<?xml version="1.0" encoding="UTF-8"?>
<!-- Generated by org.testng.reporters.JUnitReportReporter -->
<testsuite hostname="DESKTOP-RB30UFV" failures="0" tests="1" name="com.vtiger.contactsTest.CreateContactWithExternalTestNgTest" time="39.139" errors="0" timestamp="2022-05-18T11:45:23 IST" skipped="0">
  <testcase classname="com.vtiger.contactsTest.CreateContactWithExternalTestNgTest" name="createContactTest" time="39.139"/>
  <system-out/>
</testsuite> <!-- com.vtiger.contactsTest.CreateContactWithExternalTestNgTest -->
