<?xml version="1.0" encoding="UTF-8"?>
<!-- Generated by org.testng.reporters.JUnitReportReporter -->
<testsuite hostname="DESKTOP-RB30UFV" failures="0" tests="1" name="com.vtiger.campaignsTest.CreateCompaignsWithProductsExcelTestNgTest" time="54.623" errors="0" timestamp="2022-05-18T11:47:13 IST" skipped="0">
  <testcase classname="com.vtiger.campaignsTest.CreateCompaignsWithProductsExcelTestNgTest" name="createCompaignWithProductTest" time="54.623"/>
  <system-out/>
</testsuite> <!-- com.vtiger.campaignsTest.CreateCompaignsWithProductsExcelTestNgTest -->
