<?xml version="1.0" encoding="UTF-8"?>
<!-- Generated by org.testng.reporters.JUnitReportReporter -->
<testsuite hostname="DESKTOP-RB30UFV" failures="0" tests="1" name="com.vtiger.leadsTest.CreateLeadAndDeleteFromTextFieldTc_58Test" time="48.791" errors="0" timestamp="2022-05-24T15:57:43 IST" skipped="0">
  <testcase classname="com.vtiger.leadsTest.CreateLeadAndDeleteFromTextFieldTc_58Test" name="createLeadAndDeleteFromTxtFieldsTest" time="48.791"/>
  <system-out/>
</testsuite> <!-- com.vtiger.leadsTest.CreateLeadAndDeleteFromTextFieldTc_58Test -->
