<?xml version="1.0" encoding="UTF-8"?>
<!-- Generated by org.testng.reporters.JUnitReportReporter -->
<testsuite hostname="DESKTOP-RB30UFV" failures="0" tests="1" name="com.vtiger.leadsTest.CreateAndDeleteFromListTestTc_57" time="39.497" errors="0" timestamp="2022-05-18T16:39:14 IST" skipped="0">
  <testcase classname="com.vtiger.leadsTest.CreateAndDeleteFromListTestTc_57" name="createAndDeleteFromListTest" time="39.497"/>
  <system-out/>
</testsuite> <!-- com.vtiger.leadsTest.CreateAndDeleteFromListTestTc_57 -->
