<?xml version="1.0" encoding="UTF-8"?>
<!-- Generated by org.testng.reporters.JUnitReportReporter -->
<testsuite hostname="DESKTOP-RB30UFV" failures="0" tests="1" name="com.vtiger.leadsTest.CreateLeadAndDeleteFromTextFieldTc_58" time="44.558" errors="0" timestamp="2022-05-18T12:41:17 IST" skipped="0">
  <testcase classname="com.vtiger.leadsTest.CreateLeadAndDeleteFromTextFieldTc_58" name="createLeadAndDeleteFromTxtFields" time="44.558"/>
  <system-out/>
</testsuite> <!-- com.vtiger.leadsTest.CreateLeadAndDeleteFromTextFieldTc_58 -->
