<?xml version="1.0" encoding="UTF-8"?>
<!-- Generated by org.testng.reporters.JUnitReportReporter -->
<testsuite hostname="DESKTOP-RB30UFV" failures="0" tests="1" name="com.vtiger.leadsTest.CreateMultipleLeadsAndDeleteTc_59" time="63.654" errors="0" timestamp="2022-05-18T12:54:02 IST" skipped="0">
  <testcase classname="com.vtiger.leadsTest.CreateMultipleLeadsAndDeleteTc_59" name="createMultipleLeadsAndDelete" time="63.654"/>
  <system-out/>
</testsuite> <!-- com.vtiger.leadsTest.CreateMultipleLeadsAndDeleteTc_59 -->
