<?xml version="1.0" encoding="UTF-8"?>
<!-- Generated by org.testng.reporters.JUnitReportReporter -->
<testsuite hostname="DESKTOP-RB30UFV" failures="0" tests="1" name="com.vtiger.leadsTest.CreateAndDeleteTestTc_56" time="41.874" errors="0" timestamp="2022-05-18T15:11:00 IST" skipped="0">
  <testcase classname="com.vtiger.leadsTest.CreateAndDeleteTestTc_56" name="createAndDelete" time="41.874"/>
  <system-out/>
</testsuite> <!-- com.vtiger.leadsTest.CreateAndDeleteTestTc_56 -->
