<?xml version="1.0" encoding="UTF-8"?>
<!-- Generated by org.testng.reporters.JUnitReportReporter -->
<testsuite hostname="DESKTOP-RB30UFV" failures="0" tests="1" name="com.vtiger.practice.TestNGAnnotationTest" time="0.004" errors="0" timestamp="2022-05-19T13:29:52 IST" skipped="0">
  <testcase classname="com.vtiger.practice.TestNGAnnotationTest" name="testNGPracticeTest4" time="0.004"/>
  <system-out/>
</testsuite> <!-- com.vtiger.practice.TestNGAnnotationTest -->
