<?xml version="1.0" encoding="UTF-8"?>
<!-- Generated by org.testng.reporters.JUnitReportReporter -->
<testsuite hostname="DESKTOP-RB30UFV" failures="0" tests="1" name="com.vtiger.organizationTest.CreateOrganisationTest" time="38.587" errors="0" timestamp="2022-05-24T15:57:43 IST" skipped="0">
  <testcase classname="com.vtiger.organizationTest.CreateOrganisationTest" name="createOrganizationTest" time="38.587"/>
  <system-out/>
</testsuite> <!-- com.vtiger.organizationTest.CreateOrganisationTest -->
