<?xml version="1.0" encoding="UTF-8"?>
<!-- Generated by org.testng.reporters.JUnitReportReporter -->
<testsuite hostname="DESKTOP-RB30UFV" failures="0" tests="1" name="com.vtiger.contactsTest.CreateContactWithOrganizationTest" time="62.922" errors="0" timestamp="2022-05-24T15:57:43 IST" skipped="0">
  <testcase classname="com.vtiger.contactsTest.CreateContactWithOrganizationTest" name="createContactWithOrganizationTest" time="62.922"/>
  <system-out/>
</testsuite> <!-- com.vtiger.contactsTest.CreateContactWithOrganizationTest -->
