<?xml version="1.0" encoding="UTF-8"?>
<!-- Generated by org.testng.reporters.JUnitReportReporter -->
<testsuite hostname="DESKTOP-RB30UFV" failures="0" tests="1" name="com.vtiger.documentsTest.CreateDocumentTestNgTest" time="35.085" errors="0" timestamp="2022-05-18T11:59:10 IST" skipped="0">
  <testcase classname="com.vtiger.documentsTest.CreateDocumentTestNgTest" name="createDocumentTest" time="35.085"/>
  <system-out/>
</testsuite> <!-- com.vtiger.documentsTest.CreateDocumentTestNgTest -->
