<?xml version="1.0" encoding="UTF-8"?>
<!-- Generated by org.testng.reporters.JUnitReportReporter -->
<testsuite hostname="DESKTOP-RB30UFV" failures="0" tests="1" name="com.vtiger.contactsTest.CreateContactWithOrganizationTestNgTest" time="56.394" errors="0" timestamp="2022-05-18T11:53:03 IST" skipped="0">
  <testcase classname="com.vtiger.contactsTest.CreateContactWithOrganizationTestNgTest" name="createContactWithOrganization" time="56.394"/>
  <system-out/>
</testsuite> <!-- com.vtiger.contactsTest.CreateContactWithOrganizationTestNgTest -->
