<?xml version="1.0" encoding="UTF-8"?>
<!-- Generated by org.testng.reporters.JUnitReportReporter -->
<testsuite hostname="DESKTOP-RB30UFV" failures="0" tests="5" name="com.vtiger.practice.TestNGPracticeTest" time="0.108" errors="0" timestamp="2022-05-23T23:09:24 IST" skipped="0">
  <testcase classname="com.vtiger.practice.TestNGPracticeTest" name="testNGPractice3Test" time="0.054"/>
  <system-out>
    <![CDATA[Test3 method running]]>
  </system-out>
  <testcase classname="com.vtiger.practice.TestNGPracticeTest" name="testNGPractice4Test" time="0.017"/>
  <system-out/>
  <testcase classname="com.vtiger.practice.TestNGPracticeTest" name="testNGPractice1Test" time="0.012"/>
  <system-out/>
  <testcase classname="com.vtiger.practice.TestNGPracticeTest" name="testNGPractice5Test" time="0.010"/>
  <system-out/>
  <testcase classname="com.vtiger.practice.TestNGPracticeTest" name="testNGPractice2Test" time="0.015"/>
  <system-out>
    <![CDATA[Test2 method running]]>
  </system-out>
</testsuite> <!-- com.vtiger.practice.TestNGPracticeTest -->
