<?xml version="1.0" encoding="UTF-8"?>
<!-- Generated by org.testng.reporters.JUnitReportReporter -->
<testsuite hostname="DESKTOP-RB30UFV" failures="0" tests="1" name="com.vtiger.campaignsTest.CreateCampaignsWithProductsTest" time="60.897" errors="0" timestamp="2022-05-24T15:57:43 IST" skipped="0">
  <testcase classname="com.vtiger.campaignsTest.CreateCampaignsWithProductsTest" name="createCampaignWithProductTest" time="60.897"/>
  <system-out/>
</testsuite> <!-- com.vtiger.campaignsTest.CreateCampaignsWithProductsTest -->
