<?xml version="1.0" encoding="UTF-8"?>
<!-- Generated by org.testng.reporters.JUnitReportReporter -->
<testsuite hostname="DESKTOP-RB30UFV" failures="0" tests="1" name="com.vtiger.leadsTest.CreateAndDeleteFromListTc_57Test" time="41.564" errors="0" timestamp="2022-05-24T15:57:43 IST" skipped="0">
  <testcase classname="com.vtiger.leadsTest.CreateAndDeleteFromListTc_57Test" name="createAndDeleteFromListTest" time="41.564"/>
  <system-out/>
</testsuite> <!-- com.vtiger.leadsTest.CreateAndDeleteFromListTc_57Test -->
