<?xml version="1.0" encoding="UTF-8"?>
<!-- Generated by org.testng.reporters.JUnitReportReporter -->
<testsuite hostname="DESKTOP-RB30UFV" failures="0" tests="1" name="com.vtiger.leadsTest.CreateAndDeleteFromListTestNgTest" time="51.854" errors="0" timestamp="2022-05-18T12:07:41 IST" skipped="0">
  <testcase classname="com.vtiger.leadsTest.CreateAndDeleteFromListTestNgTest" name="createAndDeleteFromListTest" time="51.854"/>
  <system-out/>
</testsuite> <!-- com.vtiger.leadsTest.CreateAndDeleteFromListTestNgTest -->
